        -:    0:Source:test/test_runners/all_tests.c
        -:    1:#include "unity_fixture.h"
        -:    2:
function RunAllTests called 1 returned 100% blocks executed 100%
        1:    3:static void RunAllTests(void)
        -:    4:{
        1:    5:  RUN_TEST_GROUP(Sort);
call    0 returned 100%
        1:    6:}
        -:    7:
function main called 1 returned 100% blocks executed 100%
        1:    8:int main(int argc, const char * argv[])
        -:    9:{
        1:   10:  return UnityMain(argc, argv, RunAllTests);
call    0 returned 100%
        -:   11:}
